{"logTime": "1203/035750", "correlationVector":"sREUs5URRvZUdPLLMesy/9.0","action":"FeedSettingFetch_homeCloud", "result":"0", "context":{}}
{"logTime": "1203/035751", "correlationVector":"sREUs5URRvZUdPLLMesy/9.0","action":"SyncServerConnectionManagerRequest", "result":"SYNC_SERVER_OK", "context":{"environment":"", "server":""}}
{"logTime": "1203/035753", "correlationVector":"YyZMGCYetv3cziYH7yGh+4.1","action":"SyncServerConnectionManagerRequest", "result":"SYNC_SERVER_OK", "context":{"environment":"Prod_EastUS2_000e", "server":"GENERAL01000018"}}
{"logTime": "1203/035753", "correlationVector":"2MxLZiMcqHYrjYCtdzP31l.1","action":"SyncServerConnectionManagerRequest", "result":"SYNC_SERVER_OK", "context":{"environment":"Prod_EastUS2_000e", "server":"GENERAL01000013"}}
{"logTime": "1203/035753", "correlationVector":"YyZMGCYetv3cziYH7yGh+4","action":"Initial GetUpdates", "result":"", "context":Reason: NEW_CLIENT. cV=YyZMGCYetv3cziYH7yGh+4}
{"logTime": "1203/035753", "correlationVector":"YyZMGCYetv3cziYH7yGh+4.2","action":"GetUpdates Response", "result":"SYNCER_OK", "context":Received 1 update(s). cV=YyZMGCYetv3cziYH7yGh+4.0;server=GENERAL01000018;cloudType=Consumer;environment=Prod_EastUS2_000e}
{"logTime": "1203/035753", "correlationVector":"2MxLZiMcqHYrjYCtdzP31l","action":"Commit Request", "result":"", "context":Item count: 1
Contributing types: Encryption Keys}
{"logTime": "1203/035753", "correlationVector":"2MxLZiMcqHYrjYCtdzP31l.2","action":"Commit Response", "result":"SYNCER_OK", "context":Result: SYNCER_OK. cV=2MxLZiMcqHYrjYCtdzP31l.0;server=GENERAL01000013;cloudType=Consumer;environment=Prod_EastUS2_000e}
{"logTime": "1203/035753", "correlationVector":"5LH82hz8CmcmGEDmxaDpVx","action":"Initial GetUpdates", "result":"", "context":Reason: NEW_CLIENT. cV=5LH82hz8CmcmGEDmxaDpVx}
{"logTime": "1203/035753", "correlationVector":"5LH82hz8CmcmGEDmxaDpVx.1","action":"SyncServerConnectionManagerRequest", "result":"SYNC_SERVER_OK", "context":{"environment":"Prod_EastUS2_000e", "server":"GENERAL0100001G"}}
{"logTime": "1203/035753", "correlationVector":"5LH82hz8CmcmGEDmxaDpVx.2","action":"GetUpdates Response", "result":"SYNCER_OK", "context":Received 1 update(s). cV=5LH82hz8CmcmGEDmxaDpVx.0;server=GENERAL0100001G;cloudType=Consumer;environment=Prod_EastUS2_000e}
{"logTime": "1203/035753", "correlationVector":"JkZ0w5agh9bLePChaeE/T3","action":"Normal GetUpdate request", "result":"", "context":cV=JkZ0w5agh9bLePChaeE/T3
Nudged types: Device Info, User Consents, Encryption Keys
Refresh requested types: Device Info, User Consents, Send Tab To Self, Encryption Keys}
{"logTime": "1203/035754", "correlationVector":"JkZ0w5agh9bLePChaeE/T3.1","action":"SyncServerConnectionManagerRequest", "result":"SYNC_SERVER_OK", "context":{"environment":"Prod_EastUS2_000e", "server":"GENERAL0100000L"}}
{"logTime": "1203/035754", "correlationVector":"JkZ0w5agh9bLePChaeE/T3.2","action":"GetUpdates Response", "result":"SYNCER_OK", "context":Received 0 update(s). cV=JkZ0w5agh9bLePChaeE/T3.0;server=GENERAL0100000L;cloudType=Consumer;environment=Prod_EastUS2_000e}
{"logTime": "1203/035754", "correlationVector":"dndZHm/p9VRmbXI0vnXIpj","action":"Commit Request", "result":"", "context":Item count: 1
Contributing types: Device Info}
{"logTime": "1203/035754", "correlationVector":"dndZHm/p9VRmbXI0vnXIpj.1","action":"SyncServerConnectionManagerRequest", "result":"SYNC_SERVER_OK", "context":{"environment":"Prod_EastUS2_000e", "server":"GENERAL0100001T"}}
{"logTime": "1203/035754", "correlationVector":"dndZHm/p9VRmbXI0vnXIpj.2","action":"Commit Response", "result":"SYNCER_OK", "context":Result: SYNCER_OK. cV=dndZHm/p9VRmbXI0vnXIpj.0;server=GENERAL0100001T;cloudType=Consumer;environment=Prod_EastUS2_000e}
{"logTime": "1203/035754", "correlationVector":"KcYybz+VVkL8H0P4DzRCZY","action":"Commit Request", "result":"", "context":Item count: 1
Contributing types: User Consents}
{"logTime": "1203/035754", "correlationVector":"KcYybz+VVkL8H0P4DzRCZY.1","action":"SyncServerConnectionManagerRequest", "result":"SYNC_SERVER_OK", "context":{"environment":"Prod_EastUS2_000e", "server":"GENERAL0100001N"}}
{"logTime": "1203/035754", "correlationVector":"KcYybz+VVkL8H0P4DzRCZY.2","action":"Commit Response", "result":"SYNCER_OK", "context":Result: SYNCER_OK. cV=KcYybz+VVkL8H0P4DzRCZY.0;server=GENERAL0100001N;cloudType=Consumer;environment=Prod_EastUS2_000e}
{"logTime": "1203/150259", "correlationVector":"8F3S+BHMxxLdbtDgQzI3Yn.0","action":"FeedSettingFetch_homeCloud", "result":"0", "context":{}}
{"logTime": "1203/150259", "correlationVector":"8F3S+BHMxxLdbtDgQzI3Yn.0","action":"SyncServerConnectionManagerRequest", "result":"SYNC_SERVER_OK", "context":{"environment":"", "server":""}}
{"logTime": "1203/150259", "correlationVector":"Dci8Du8khXP7tdIyF/Sxvv.1","action":"SyncServerConnectionManagerRequest", "result":"SYNC_SERVER_OK", "context":{"environment":"Prod_EastUS2_000e", "server":"GENERAL0100000T"}}
{"logTime": "1203/150259", "correlationVector":"Dci8Du8khXP7tdIyF/Sxvv","action":"Initial GetUpdates", "result":"", "context":Reason: NEW_CLIENT. cV=Dci8Du8khXP7tdIyF/Sxvv}
{"logTime": "1203/150259", "correlationVector":"Dci8Du8khXP7tdIyF/Sxvv.2","action":"GetUpdates Response", "result":"SYNCER_OK", "context":Received 1 update(s). cV=Dci8Du8khXP7tdIyF/Sxvv.0;server=GENERAL0100000T;cloudType=Consumer;environment=Prod_EastUS2_000e}
{"logTime": "1203/150259", "correlationVector":"5/xkXwxd8SyAgpob19HUst","action":"Normal GetUpdate request", "result":"", "context":cV=5/xkXwxd8SyAgpob19HUst
Refresh requested types: Device Info, User Consents, Send Tab To Self, Encryption Keys}
{"logTime": "1203/150259", "correlationVector":"5/xkXwxd8SyAgpob19HUst.1","action":"SyncServerConnectionManagerRequest", "result":"SYNC_SERVER_OK", "context":{"environment":"Prod_EastUS2_000e", "server":"GENERAL0100001H"}}
{"logTime": "1203/150259", "correlationVector":"5/xkXwxd8SyAgpob19HUst.2","action":"GetUpdates Response", "result":"SYNCER_OK", "context":Received 1 update(s). cV=5/xkXwxd8SyAgpob19HUst.0;server=GENERAL0100001H;cloudType=Consumer;environment=Prod_EastUS2_000e}
{"logTime": "1203/150357", "correlationVector":"g+OCfh/66lFJSZUhd+o4Vb.0","action":"FeedSettingFetch_homeCloud", "result":"0", "context":{}}
{"logTime": "1203/150357", "correlationVector":"n4+My3HW0z6QJ0QHMnKJ/f.1","action":"SyncServerConnectionManagerRequest", "result":"SYNC_SERVER_OK", "context":{"environment":"Prod_EastUS2_000e", "server":"GENERAL0100001Q"}}
{"logTime": "1203/150357", "correlationVector":"n4+My3HW0z6QJ0QHMnKJ/f","action":"Initial GetUpdates", "result":"", "context":Reason: NEW_CLIENT. cV=n4+My3HW0z6QJ0QHMnKJ/f}
{"logTime": "1203/150357", "correlationVector":"n4+My3HW0z6QJ0QHMnKJ/f.2","action":"GetUpdates Response", "result":"SYNCER_OK", "context":Received 1 update(s). cV=n4+My3HW0z6QJ0QHMnKJ/f.0;server=GENERAL0100001Q;cloudType=Consumer;environment=Prod_EastUS2_000e}
{"logTime": "1203/150357", "correlationVector":"NBR3j3FsSu5DX+YP+tT/kH","action":"Normal GetUpdate request", "result":"", "context":cV=NBR3j3FsSu5DX+YP+tT/kH
Refresh requested types: Device Info, User Consents, Send Tab To Self, Encryption Keys}
{"logTime": "1203/150357", "correlationVector":"NBR3j3FsSu5DX+YP+tT/kH.1","action":"SyncServerConnectionManagerRequest", "result":"SYNC_SERVER_OK", "context":{"environment":"Prod_EastUS2_000e", "server":"GENERAL0100000E"}}
{"logTime": "1203/150357", "correlationVector":"NBR3j3FsSu5DX+YP+tT/kH.2","action":"GetUpdates Response", "result":"SYNCER_OK", "context":Received 0 update(s). cV=NBR3j3FsSu5DX+YP+tT/kH.0;server=GENERAL0100000E;cloudType=Consumer;environment=Prod_EastUS2_000e}
{"logTime": "1203/151529", "correlationVector":"w3W1hHCNTdZPPLtPPA3u8U.0","action":"FeedSettingFetch_homeCloud", "result":"0", "context":{}}
{"logTime": "1203/151529", "correlationVector":"zK6wmQ8PWoexlwZgXaSarO.1","action":"SyncServerConnectionManagerRequest", "result":"SYNC_SERVER_OK", "context":{"environment":"Prod_EastUS2_000e", "server":"GENERAL01000028"}}
{"logTime": "1203/151529", "correlationVector":"zK6wmQ8PWoexlwZgXaSarO","action":"Initial GetUpdates", "result":"", "context":Reason: NEW_CLIENT. cV=zK6wmQ8PWoexlwZgXaSarO}
{"logTime": "1203/151529", "correlationVector":"zK6wmQ8PWoexlwZgXaSarO.2","action":"GetUpdates Response", "result":"SYNCER_OK", "context":Received 1 update(s). cV=zK6wmQ8PWoexlwZgXaSarO.0;server=GENERAL01000028;cloudType=Consumer;environment=Prod_EastUS2_000e}
{"logTime": "1203/151529", "correlationVector":"tP0Pz7JzsS+9yJkKeuhYJg","action":"Normal GetUpdate request", "result":"", "context":cV=tP0Pz7JzsS+9yJkKeuhYJg
Refresh requested types: Device Info, User Consents, Send Tab To Self, Encryption Keys}
{"logTime": "1203/151529", "correlationVector":"tP0Pz7JzsS+9yJkKeuhYJg.1","action":"SyncServerConnectionManagerRequest", "result":"SYNC_SERVER_OK", "context":{"environment":"Prod_EastUS2_000e", "server":"GENERAL0100001J"}}
{"logTime": "1203/151529", "correlationVector":"tP0Pz7JzsS+9yJkKeuhYJg.2","action":"GetUpdates Response", "result":"SYNCER_OK", "context":Received 0 update(s). cV=tP0Pz7JzsS+9yJkKeuhYJg.0;server=GENERAL0100001J;cloudType=Consumer;environment=Prod_EastUS2_000e}
{"logTime": "1203/151644", "correlationVector":"eqCJwH0j2iVqCYTKWTUmpW","action":"SyncServerConnectionManagerRequest", "result":"SYNC_SERVER_OK", "context":{"environment":"", "server":""}}
{"logTime": "1203/151644", "correlationVector":"hDdSF1b98Fbn2JTiG9ipSE","action":"Poll GetUpdate request", "result":"", "context":cV=hDdSF1b98Fbn2JTiG9ipSE}
{"logTime": "1203/151644", "correlationVector":"hDdSF1b98Fbn2JTiG9ipSE.1","action":"SyncServerConnectionManagerRequest", "result":"SYNC_SERVER_OK", "context":{"environment":"Prod_EastUS2_000e", "server":"GENERAL0100000N"}}
{"logTime": "1203/151644", "correlationVector":"hDdSF1b98Fbn2JTiG9ipSE.2","action":"GetUpdates Response", "result":"SYNCER_OK", "context":Received 0 update(s). cV=hDdSF1b98Fbn2JTiG9ipSE.0;server=GENERAL0100000N;cloudType=Consumer;environment=Prod_EastUS2_000e}
{"logTime": "1203/151644", "correlationVector":"daghsudfcl4oFt0VtNjMQ5","action":"Normal GetUpdate request", "result":"", "context":cV=daghsudfcl4oFt0VtNjMQ5
Refresh requested types: Device Info, User Consents, Send Tab To Self, Encryption Keys}
{"logTime": "1203/151644", "correlationVector":"daghsudfcl4oFt0VtNjMQ5.1","action":"SyncServerConnectionManagerRequest", "result":"SYNC_SERVER_OK", "context":{"environment":"Prod_EastUS2_000e", "server":"GENERAL0100001C"}}
{"logTime": "1203/151644", "correlationVector":"daghsudfcl4oFt0VtNjMQ5.2","action":"GetUpdates Response", "result":"SYNCER_OK", "context":Received 0 update(s). cV=daghsudfcl4oFt0VtNjMQ5.0;server=GENERAL0100001C;cloudType=Consumer;environment=Prod_EastUS2_000e}
